2024-02-19 19:44:36,153 [INFO] Activator:176 - 


2024-02-19 19:44:36,160 [INFO] Activator:177 - !SESSION log4j initialized
2024-02-19 19:44:42,217 [INFO] LogOutputStream:77 - [STDOUT_REDIRECT] 
2024-02-19 19:44:48,585 [INFO] ApplicationProperties:184 - Using Application install path: C:\ST\STM32CubeIDE_1.13.1\STM32CubeIDE\plugins\com.st.stm32cube.common.mx_6.9.1.202307191849
2024-02-19 19:44:48,607 [INFO] DbMcusXml:78 - Set database path to: C:\ST\STM32CubeIDE_1.13.1\STM32CubeIDE\plugins\com.st.stm32cube.common.mx_6.9.1.202307191849\\db\/mcu/
2024-02-19 19:44:48,607 [INFO] ApiDb:274 - Set plugin database path to: C:\ST\STM32CubeIDE_1.13.1\STM32CubeIDE\plugins\com.st.stm32cube.common.mx_6.9.1.202307191849\\db\/plugins/boardmanager/
2024-02-19 19:44:48,608 [WARN] ApiDb:259 - Overriding images path with different value:  => C:\ST\STM32CubeIDE_1.13.1\STM32CubeIDE\plugins\com.st.stm32cube.common.mx_6.9.1.202307191849\\db\/plugins/mcufinder/images/
2024-02-19 19:44:48,623 [INFO] ApiDb:250 - Set database path to: C:\Users\hasan\.stmcufinder\plugins\mcufinder//mcu/
2024-02-19 19:44:48,624 [INFO] DbMcusAds:125 - Set database path to: C:\Users\hasan\.stmcufinder\plugins\mcufinder//mcu/
2024-02-19 19:44:48,627 [INFO] CrossReferenceDbSqlite:203 - Set database path to: C:\Users\hasan\.stmcufinder\plugins\mcufinder//mcu/cs/
2024-02-19 19:44:48,736 [INFO] RulesReader:64 - Compatibility file has been processed (293 Rules)
2024-02-19 19:44:48,824 [INFO] DbMcusXml:78 - Set database path to: C:\ST\STM32CubeIDE_1.13.1\STM32CubeIDE\plugins\com.st.stm32cube.common.mx_6.9.1.202307191849\\db\/mcu/
2024-02-19 19:44:48,824 [INFO] ApiDb:274 - Set plugin database path to: C:\ST\STM32CubeIDE_1.13.1\STM32CubeIDE\plugins\com.st.stm32cube.common.mx_6.9.1.202307191849\\db\/plugins/boardmanager/
2024-02-19 19:44:48,824 [INFO] ApiDb:261 - Set plugin images path to: C:\ST\STM32CubeIDE_1.13.1\STM32CubeIDE\plugins\com.st.stm32cube.common.mx_6.9.1.202307191849\\db\/plugins/mcufinder/images/
2024-02-19 19:44:48,824 [WARN] DbFile:41 - Overriding database path with different value: C:\Users\hasan\.stmcufinder\plugins\mcufinder/ => C:\Users\hasan\.stmcufinder\plugins\mcufinder
2024-02-19 19:44:48,824 [INFO] ApiDb:250 - Set database path to: C:\Users\hasan\.stmcufinder\plugins\mcufinder//mcu/
2024-02-19 19:44:48,824 [WARN] DbFile:41 - Overriding database path with different value: C:\Users\hasan\.stmcufinder\plugins\mcufinder/ => C:\Users\hasan\.stmcufinder\plugins\mcufinder
2024-02-19 19:44:48,824 [INFO] DbMcusAds:125 - Set database path to: C:\Users\hasan\.stmcufinder\plugins\mcufinder//mcu/
2024-02-19 19:44:48,824 [WARN] DbFile:41 - Overriding database path with different value: C:\Users\hasan\.stmcufinder\plugins\mcufinder/ => C:\Users\hasan\.stmcufinder\plugins\mcufinder
2024-02-19 19:44:48,824 [WARN] DbFile:41 - Overriding database path with different value: C:\Users\hasan\.stmcufinder\plugins\mcufinder/ => C:\Users\hasan\.stmcufinder\plugins\mcufinder
2024-02-19 19:44:48,825 [INFO] CrossReferenceDbSqlite:203 - Set database path to: C:\Users\hasan\.stmcufinder\plugins\mcufinder//mcu/cs/
2024-02-19 19:44:48,906 [INFO] MainPanel:262 - HeapMemory: 268435456
2024-02-19 19:44:49,006 [INFO] DbMcusXml:78 - Set database path to: C:\ST\STM32CubeIDE_1.13.1\STM32CubeIDE\plugins\com.st.stm32cube.common.mx_6.9.1.202307191849\\db\/mcu/
2024-02-19 19:44:49,007 [INFO] ApiDb:274 - Set plugin database path to: C:\ST\STM32CubeIDE_1.13.1\STM32CubeIDE\plugins\com.st.stm32cube.common.mx_6.9.1.202307191849\\db\/plugins/boardmanager/
2024-02-19 19:44:49,007 [INFO] ApiDb:261 - Set plugin images path to: C:\ST\STM32CubeIDE_1.13.1\STM32CubeIDE\plugins\com.st.stm32cube.common.mx_6.9.1.202307191849\\db\/plugins/mcufinder/images/
2024-02-19 19:44:49,007 [WARN] DbFile:41 - Overriding database path with different value: C:\Users\hasan\.stmcufinder\plugins\mcufinder/ => C:\Users\hasan\.stmcufinder\plugins\mcufinder
2024-02-19 19:44:49,007 [INFO] ApiDb:250 - Set database path to: C:\Users\hasan\.stmcufinder\plugins\mcufinder//mcu/
2024-02-19 19:44:49,007 [WARN] DbFile:41 - Overriding database path with different value: C:\Users\hasan\.stmcufinder\plugins\mcufinder/ => C:\Users\hasan\.stmcufinder\plugins\mcufinder
2024-02-19 19:44:49,008 [INFO] DbMcusAds:125 - Set database path to: C:\Users\hasan\.stmcufinder\plugins\mcufinder//mcu/
2024-02-19 19:44:49,008 [WARN] DbFile:41 - Overriding database path with different value: C:\Users\hasan\.stmcufinder\plugins\mcufinder/ => C:\Users\hasan\.stmcufinder\plugins\mcufinder
2024-02-19 19:44:49,008 [WARN] DbFile:41 - Overriding database path with different value: C:\Users\hasan\.stmcufinder\plugins\mcufinder/ => C:\Users\hasan\.stmcufinder\plugins\mcufinder
2024-02-19 19:44:49,008 [INFO] CrossReferenceDbSqlite:203 - Set database path to: C:\Users\hasan\.stmcufinder\plugins\mcufinder//mcu/cs/
2024-02-19 19:44:49,026 [INFO] ApplicationProperties:184 - Using Application install path: C:\ST\STM32CubeIDE_1.13.1\STM32CubeIDE\plugins\com.st.stm32cube.common.mx_6.9.1.202307191849
2024-02-19 19:44:49,028 [INFO] PluginManage:196 - Search for loadable plugins [exclusion list=, ]
2024-02-19 19:44:49,030 [INFO] PluginManage:310 - Check plugin analytics
2024-02-19 19:44:54,159 [INFO] AnalyticsPlugin:253 - Accepted Software Licenses: STM32CubeMX.6.10.0
2024-02-19 19:44:54,160 [INFO] AnalyticsPlugin:255 - Accepted CMSIS Pack Licenses: 
2024-02-19 19:44:54,160 [INFO] AnalyticsPlugin:257 - Accepted Firmware Licenses: FW.F4.1.27.0,FW.F4.1.28.0
2024-02-19 19:44:54,164 [INFO] PluginManage:359 - Loaded plugin analytics (category:tool,tabindex:-1)
2024-02-19 19:44:54,164 [INFO] PluginManage:310 - Check plugin cadmodel
2024-02-19 19:44:54,179 [INFO] CADModel:105 - Init CAD model plugin
2024-02-19 19:44:54,179 [INFO] PluginManage:359 - Loaded plugin cadmodel (category:power,tabindex:5)
2024-02-19 19:44:54,179 [INFO] PluginManage:310 - Check plugin clock
2024-02-19 19:44:54,197 [INFO] PluginManage:359 - Loaded plugin clock (category:base,tabindex:2)
2024-02-19 19:44:54,197 [INFO] PluginManage:310 - Check plugin ddr
2024-02-19 19:44:54,200 [INFO] PluginManage:359 - Loaded plugin ddr (category:tool,tabindex:6)
2024-02-19 19:44:54,200 [INFO] PluginManage:310 - Check plugin filemanager
2024-02-19 19:44:54,349 [INFO] PluginManage:359 - Loaded plugin filemanager (category:base,tabindex:10)
2024-02-19 19:44:54,350 [INFO] PluginManage:310 - Check plugin ipmanager
2024-02-19 19:44:54,357 [INFO] PluginManage:359 - Loaded plugin ipmanager (category:base,tabindex:5)
2024-02-19 19:44:54,358 [INFO] PluginManage:310 - Check plugin lpbam
2024-02-19 19:44:54,374 [INFO] PluginManage:359 - Loaded plugin lpbam (category:base,tabindex:0)
2024-02-19 19:44:54,374 [INFO] PluginManage:310 - Check plugin memorymap
2024-02-19 19:44:54,397 [INFO] PluginManage:359 - Loaded plugin memorymap (category:base,tabindex:4)
2024-02-19 19:44:54,397 [INFO] PluginManage:310 - Check plugin pinoutandconfiguration
2024-02-19 19:44:54,413 [INFO] PluginManage:359 - Loaded plugin pinoutandconfiguration (category:base,tabindex:1)
2024-02-19 19:44:54,413 [INFO] PluginManage:310 - Check plugin pinoutconfig
2024-02-19 19:44:54,517 [WARN] SupportedApi:132 - Cannot load RTOS API schema: s4s-elt-must-match.1: The content of 'definitions' must match (annotation?, (simpleType | complexType)?, (unique | key | keyref)*)). A problem was found starting at: attribute.
2024-02-19 19:44:54,684 [INFO] PluginManage:359 - Loaded plugin pinoutconfig (category:base,tabindex:0)
2024-02-19 19:44:54,684 [INFO] PluginManage:310 - Check plugin power
2024-02-19 19:44:54,706 [INFO] PluginManage:359 - Loaded plugin power (category:power,tabindex:4)
2024-02-19 19:44:54,706 [INFO] PluginManage:310 - Check plugin projectmanager
2024-02-19 19:44:54,721 [INFO] PluginManage:359 - Loaded plugin projectmanager (category:projectmanager,tabindex:3)
2024-02-19 19:44:54,721 [INFO] PluginManage:310 - Check plugin thirdparty
2024-02-19 19:44:55,008 [INFO] PluginManage:359 - Loaded plugin thirdparty (category:base,tabindex:-1)
2024-02-19 19:44:55,008 [WARN] IntegrityCheckThread:84 - waiting for thirdparty lock release [integrity check]
2024-02-19 19:44:55,008 [INFO] PluginManage:310 - Check plugin tools
2024-02-19 19:44:55,008 [INFO] IntegrityCheckThread:86 - entering critical section [integrity check]
2024-02-19 19:44:55,008 [INFO] ThirdPartyUpdaterWithRetryManager:70 - Updater plugin not ready yet. [1/15]
2024-02-19 19:44:55,044 [INFO] PluginManage:359 - Loaded plugin tools (category:base,tabindex:7)
2024-02-19 19:44:55,044 [INFO] PluginManage:310 - Check plugin tutovideos
2024-02-19 19:44:55,237 [INFO] PluginManage:359 - Loaded plugin tutovideos (category:base,tabindex:-1)
2024-02-19 19:44:55,237 [INFO] PluginManage:310 - Check plugin updater
2024-02-19 19:44:55,250 [INFO] PluginManage:359 - Loaded plugin updater (category:base,tabindex:12)
2024-02-19 19:44:55,250 [INFO] PluginManage:310 - Check plugin userauth
2024-02-19 19:44:55,256 [INFO] UserAuth:113 - Init User Auth plugin
2024-02-19 19:44:55,256 [INFO] PluginManage:359 - Loaded plugin userauth (category:base,tabindex:14)
2024-02-19 19:44:55,257 [INFO] PluginManage:283 - PluginManage : Loaded plugins [17]
2024-02-19 19:44:55,492 [INFO] PinOutPanel:1499 - setPackage(No Configuration,No Configuration)
2024-02-19 19:44:55,633 [INFO] CADModel:165 - CPN selected for project level
2024-02-19 19:44:55,634 [INFO] CADModel:114 - Register for checkConnection events
2024-02-19 19:44:55,662 [INFO] IPUIPlugin:80 - create IPUIPlugin
2024-02-19 19:44:55,662 [INFO] PluginManager:220 - loadIPPluginJar : add adc
2024-02-19 19:44:55,695 [INFO] IPUIPlugin:80 - create IPUIPlugin
2024-02-19 19:44:55,696 [INFO] PluginManager:220 - loadIPPluginJar : add aes
2024-02-19 19:44:55,735 [INFO] IPUIPlugin:80 - create IPUIPlugin
2024-02-19 19:44:55,735 [INFO] PluginManager:220 - loadIPPluginJar : add can
2024-02-19 19:44:55,757 [INFO] IPUIPlugin:80 - create IPUIPlugin
2024-02-19 19:44:55,757 [INFO] PluginManager:220 - loadIPPluginJar : add comp
2024-02-19 19:44:55,787 [INFO] IPUIPlugin:80 - create IPUIPlugin
2024-02-19 19:44:55,788 [INFO] PluginManager:220 - loadIPPluginJar : add cryp
2024-02-19 19:44:55,816 [INFO] IPUIPlugin:80 - create IPUIPlugin
2024-02-19 19:44:55,817 [INFO] PluginManager:220 - loadIPPluginJar : add dfsdm
2024-02-19 19:44:55,834 [INFO] IPUIPlugin:80 - create IPUIPlugin
2024-02-19 19:44:55,835 [INFO] PluginManager:220 - loadIPPluginJar : add dma
2024-02-19 19:44:55,887 [INFO] IPUIPlugin:80 - create IPUIPlugin
2024-02-19 19:44:55,888 [INFO] PluginManager:220 - loadIPPluginJar : add dma3
2024-02-19 19:44:55,917 [INFO] IPUIPlugin:80 - create IPUIPlugin
2024-02-19 19:44:55,918 [INFO] PluginManager:220 - loadIPPluginJar : add fatfs
2024-02-19 19:44:55,967 [INFO] IPUIPlugin:80 - create IPUIPlugin
2024-02-19 19:44:55,967 [INFO] PluginManager:220 - loadIPPluginJar : add fmc
2024-02-19 19:44:55,981 [INFO] IPUIPlugin:80 - create IPUIPlugin
2024-02-19 19:44:55,981 [INFO] PluginManager:220 - loadIPPluginJar : add freertos
2024-02-19 19:44:56,000 [INFO] IPUIPlugin:80 - create IPUIPlugin
2024-02-19 19:44:56,000 [INFO] PluginManager:220 - loadIPPluginJar : add genericplugin
2024-02-19 19:44:56,083 [INFO] IPUIPlugin:80 - create IPUIPlugin
2024-02-19 19:44:56,083 [INFO] PluginManager:220 - loadIPPluginJar : add gfxmmu
2024-02-19 19:44:56,203 [INFO] IPUIPlugin:80 - create IPUIPlugin
2024-02-19 19:44:56,203 [INFO] PluginManager:220 - loadIPPluginJar : add gic
2024-02-19 19:44:56,215 [INFO] IPUIPlugin:80 - create IPUIPlugin
2024-02-19 19:44:56,215 [INFO] PluginManager:220 - loadIPPluginJar : add gpio
2024-02-19 19:44:56,299 [INFO] IPUIPlugin:80 - create IPUIPlugin
2024-02-19 19:44:56,300 [INFO] PluginManager:220 - loadIPPluginJar : add gtzc
2024-02-19 19:44:56,331 [INFO] IPUIPlugin:80 - create IPUIPlugin
2024-02-19 19:44:56,331 [INFO] PluginManager:220 - loadIPPluginJar : add hash
2024-02-19 19:44:56,378 [INFO] IPUIPlugin:80 - create IPUIPlugin
2024-02-19 19:44:56,379 [INFO] PluginManager:220 - loadIPPluginJar : add i2c
2024-02-19 19:44:56,415 [INFO] IPUIPlugin:80 - create IPUIPlugin
2024-02-19 19:44:56,415 [INFO] PluginManager:220 - loadIPPluginJar : add i2s
2024-02-19 19:44:56,452 [INFO] IPUIPlugin:80 - create IPUIPlugin
2024-02-19 19:44:56,452 [INFO] PluginManager:220 - loadIPPluginJar : add i3c
2024-02-19 19:44:56,546 [INFO] IPUIPlugin:80 - create IPUIPlugin
2024-02-19 19:44:56,546 [INFO] PluginManager:220 - loadIPPluginJar : add ipddr
2024-02-19 19:44:56,630 [INFO] IPUIPlugin:80 - create IPUIPlugin
2024-02-19 19:44:56,630 [INFO] PluginManager:220 - loadIPPluginJar : add linkedlist
2024-02-19 19:44:56,661 [INFO] IPUIPlugin:80 - create IPUIPlugin
2024-02-19 19:44:56,661 [INFO] PluginManager:220 - loadIPPluginJar : add lorawan
2024-02-19 19:44:56,694 [INFO] IPUIPlugin:80 - create IPUIPlugin
2024-02-19 19:44:56,694 [INFO] PluginManager:220 - loadIPPluginJar : add ltdc
2024-02-19 19:44:56,707 [INFO] IPUIPlugin:80 - create IPUIPlugin
2024-02-19 19:44:56,708 [INFO] PluginManager:220 - loadIPPluginJar : add mdma
2024-02-19 19:44:56,718 [INFO] IPUIPlugin:80 - create IPUIPlugin
2024-02-19 19:44:56,718 [INFO] PluginManager:220 - loadIPPluginJar : add nvic
2024-02-19 19:44:56,750 [INFO] IPUIPlugin:80 - create IPUIPlugin
2024-02-19 19:44:56,751 [INFO] PluginManager:220 - loadIPPluginJar : add opamp
2024-02-19 19:44:56,807 [INFO] IPUIPlugin:80 - create IPUIPlugin
2024-02-19 19:44:56,807 [INFO] PluginManager:220 - loadIPPluginJar : add openamp
2024-02-19 19:44:56,846 [INFO] IPUIPlugin:80 - create IPUIPlugin
2024-02-19 19:44:56,846 [INFO] PluginManager:220 - loadIPPluginJar : add pdm2pcm
2024-02-19 19:44:56,859 [INFO] IPUIPlugin:80 - create IPUIPlugin
2024-02-19 19:44:56,861 [INFO] PluginManager:220 - loadIPPluginJar : add plateformsettings
2024-02-19 19:44:56,881 [INFO] IPUIPlugin:80 - create IPUIPlugin
2024-02-19 19:44:56,881 [INFO] PluginManager:220 - loadIPPluginJar : add quadspi
2024-02-19 19:44:56,893 [INFO] IPUIPlugin:80 - create IPUIPlugin
2024-02-19 19:44:56,893 [INFO] PluginManager:220 - loadIPPluginJar : add resmgrutility
2024-02-19 19:44:56,935 [INFO] IPUIPlugin:80 - create IPUIPlugin
2024-02-19 19:44:56,935 [INFO] PluginManager:220 - loadIPPluginJar : add sai
2024-02-19 19:44:56,968 [INFO] IPUIPlugin:80 - create IPUIPlugin
2024-02-19 19:44:56,968 [INFO] PluginManager:220 - loadIPPluginJar : add spi
2024-02-19 19:44:57,019 [INFO] IPUIPlugin:80 - create IPUIPlugin
2024-02-19 19:44:57,019 [INFO] PluginManager:220 - loadIPPluginJar : add stm32_wpan
2024-02-19 19:44:57,041 [INFO] IPUIPlugin:80 - create IPUIPlugin
2024-02-19 19:44:57,041 [INFO] PluginManager:220 - loadIPPluginJar : add tim
2024-02-19 19:44:57,091 [INFO] IPUIPlugin:80 - create IPUIPlugin
2024-02-19 19:44:57,091 [INFO] PluginManager:220 - loadIPPluginJar : add touchsensing
2024-02-19 19:44:57,112 [INFO] IPUIPlugin:80 - create IPUIPlugin
2024-02-19 19:44:57,112 [INFO] PluginManager:220 - loadIPPluginJar : add tracer_emb
2024-02-19 19:44:57,133 [INFO] IPUIPlugin:80 - create IPUIPlugin
2024-02-19 19:44:57,133 [INFO] PluginManager:220 - loadIPPluginJar : add ts
2024-02-19 19:44:57,153 [INFO] IPUIPlugin:80 - create IPUIPlugin
2024-02-19 19:44:57,154 [INFO] PluginManager:220 - loadIPPluginJar : add tsc
2024-02-19 19:44:57,173 [INFO] IPUIPlugin:80 - create IPUIPlugin
2024-02-19 19:44:57,174 [INFO] PluginManager:220 - loadIPPluginJar : add ucpd
2024-02-19 19:44:57,215 [INFO] IPUIPlugin:80 - create IPUIPlugin
2024-02-19 19:44:57,215 [INFO] PluginManager:220 - loadIPPluginJar : add usart
2024-02-19 19:44:57,252 [INFO] IPUIPlugin:80 - create IPUIPlugin
2024-02-19 19:44:57,252 [INFO] PluginManager:220 - loadIPPluginJar : add usbx
2024-02-19 19:44:57,374 [INFO] CADModel:165 - CPN selected for project level
2024-02-19 19:44:57,375 [INFO] CADModel:114 - Register for checkConnection events
2024-02-19 19:44:57,375 [FATAL] Updater:308 - Updater called before beeing initialized
2024-02-19 19:44:57,375 [ERROR] CADModel:125 - Updater not yet initialized, retry later 
2024-02-19 19:44:57,529 [INFO] CADModel:165 - CPN selected for project level
2024-02-19 19:44:57,529 [INFO] CADModel:114 - Register for checkConnection events
2024-02-19 19:44:57,529 [FATAL] Updater:308 - Updater called before beeing initialized
2024-02-19 19:44:57,529 [ERROR] CADModel:125 - Updater not yet initialized, retry later 
2024-02-19 19:44:57,532 [FATAL] Updater:308 - Updater called before beeing initialized
2024-02-19 19:44:57,639 [FATAL] Updater:308 - Updater called before beeing initialized
2024-02-19 19:44:57,650 [INFO] DbMcusAds:53 - JSON generation date=Wed Nov 29 13:52:27 TRT 2023 (1701255147349)
2024-02-19 19:44:57,650 [FATAL] Updater:308 - Updater called before beeing initialized
2024-02-19 19:44:57,720 [WARN] DetailPanel:346 - Failed to get advertising image, set to default
2024-02-19 19:44:57,804 [FATAL] Updater:308 - Updater called before beeing initialized
2024-02-19 19:44:57,807 [FATAL] Updater:308 - Updater called before beeing initialized
2024-02-19 19:44:57,807 [FATAL] Updater:308 - Updater called before beeing initialized
2024-02-19 19:44:57,807 [WARN] DetailPanel:346 - Failed to get advertising image, set to default
2024-02-19 19:44:57,808 [FATAL] Updater:308 - Updater called before beeing initialized
2024-02-19 19:44:57,866 [ERROR] Updater:1120 - MainUpdater not yet initialized. External WinMGr cannot be set.
2024-02-19 19:44:57,875 [INFO] Updater:1056 - Updater Version found : 6.9.1
2024-02-19 19:44:57,893 [INFO] ApplicationProperties:184 - Using Application install path: C:\ST\STM32CubeIDE_1.13.1\STM32CubeIDE\plugins\com.st.stm32cube.common.mx_6.9.1.202307191849
2024-02-19 19:44:58,010 [INFO] ThirdPartyUpdaterWithRetryManager:70 - Updater plugin not ready yet. [2/15]
2024-02-19 19:44:58,071 [INFO] MainUpdater:2868 - connection check result : 10
2024-02-19 19:44:58,072 [INFO] MainUpdater:285 - Updater Check For Update Now.
2024-02-19 19:44:58,072 [INFO] MicroXplorer:498 - Change Database Version : DB.6.0.91
2024-02-19 19:44:58,089 [INFO] McuFinderGlobals:63 - Set McuFinder mode to 2 (CubeIDE integrated)
2024-02-19 19:44:58,271 [INFO] CheckServerUpdateThread:120 - End of CheckServer Thread
2024-02-19 19:45:01,148 [WARN] PackLoader:240 - Cannot read IP mode file for STMicroelectronics.X-CUBE-SMBUS.2.1.0
2024-02-19 19:45:01,162 [WARN] PackLoader:240 - Cannot read IP mode file for STMicroelectronics.X-CUBE-TOUCHGFX.4.23.0
2024-02-19 19:45:01,207 [WARN] PackLoader:240 - Cannot read IP mode file for STMicroelectronics.X-CUBE-AZRTOS-F7.1.1.0
2024-02-19 19:45:01,222 [WARN] PackLoader:240 - Cannot read IP mode file for STMicroelectronics.FP-SNS-MOTENV1.4.3.2
2024-02-19 19:45:01,236 [WARN] PackLoader:240 - Cannot read IP mode file for STMicroelectronics.FP-SNS-FLIGHT1.5.0.2
2024-02-19 19:45:01,251 [WARN] PackLoader:240 - Cannot read IP mode file for STMicroelectronics.X-CUBE-DISPLAY.3.0.0
2024-02-19 19:45:01,271 [WARN] PackLoader:240 - Cannot read IP mode file for STMicroelectronics.X-CUBE-BLE1.7.0.0
2024-02-19 19:45:01,282 [WARN] PackLoader:240 - Cannot read IP mode file for emotas.I-CUBE-CANOPEN.1.3.0
2024-02-19 19:45:01,292 [WARN] PackLoader:240 - Cannot read IP mode file for STMicroelectronics.X-CUBE-TOUCHGFX.4.22.0
2024-02-19 19:45:01,303 [WARN] PackLoader:240 - Cannot read IP mode file for STMicroelectronics.FP-SNS-SMARTAG2.1.2.0
2024-02-19 19:45:01,321 [INFO] LogOutputStream:77 - [STDOUT_REDIRECT] 1 : Invalid condition id : UX_CORESTACK_Condition cause : null
2024-02-19 19:45:01,322 [INFO] LogOutputStream:77 - [STDOUT_REDIRECT] 1 : Invalid condition id : UX_CORESTACK_Condition cause : null
2024-02-19 19:45:01,323 [INFO] LogOutputStream:77 - [STDOUT_REDIRECT] 1 : Invalid condition id : UX_CORESTACK_Condition cause : null
2024-02-19 19:45:01,324 [INFO] LogOutputStream:77 - [STDOUT_REDIRECT] 1 : Invalid condition id : UX_CORESTACK_Condition cause : null
2024-02-19 19:45:01,325 [INFO] LogOutputStream:77 - [STDOUT_REDIRECT] 1 : Invalid condition id : UX_CORESTACK_Condition cause : null
2024-02-19 19:45:01,329 [WARN] PackLoader:240 - Cannot read IP mode file for STMicroelectronics.X-CUBE-AZRTOS-WL.2.0.0
2024-02-19 19:45:01,343 [WARN] PackLoader:240 - Cannot read IP mode file for WES.I-CUBE-Cesium.1.3.0
2024-02-19 19:45:01,355 [WARN] PackLoader:240 - Cannot read IP mode file for STMicroelectronics.X-CUBE-BLE2.3.3.0
2024-02-19 19:45:01,367 [WARN] PackLoader:240 - Cannot read IP mode file for STMicroelectronics.X-CUBE-ALGOBUILD.1.3.0
2024-02-19 19:45:01,393 [WARN] PackLoader:240 - Cannot read IP mode file for STMicroelectronics.X-CUBE-AZRTOS-G0.1.1.0
2024-02-19 19:45:01,408 [WARN] PackLoader:240 - Cannot read IP mode file for STMicroelectronics.X-CUBE-NFC4.3.0.0
2024-02-19 19:45:01,423 [WARN] PackLoader:240 - Cannot read IP mode file for STMicroelectronics.X-CUBE-BLEMGR.3.0.0
2024-02-19 19:45:01,437 [WARN] PackLoader:240 - Cannot read IP mode file for STMicroelectronics.FP-ATR-SIGFOX1.3.2.0
2024-02-19 19:45:01,451 [WARN] PackLoader:240 - Cannot read IP mode file for STMicroelectronics.X-CUBE-EEPRMA1.5.1.0
2024-02-19 19:45:01,483 [WARN] PackLoader:240 - Cannot read IP mode file for SEGGER.I-CUBE-embOS.1.3.1
2024-02-19 19:45:01,523 [WARN] PackLoader:240 - Cannot read IP mode file for STMicroelectronics.X-CUBE-GNSS1.6.0.0
2024-02-19 19:45:01,546 [WARN] PackLoader:240 - Cannot read IP mode file for STMicroelectronics.X-CUBE-AZRTOS-F4.1.1.0
2024-02-19 19:45:01,559 [WARN] PackLoader:240 - Cannot read IP mode file for wolfSSL.I-CUBE-wolfSSL.5.6.3
2024-02-19 19:45:01,591 [WARN] PackLoader:240 - Cannot read IP mode file for STMicroelectronics.X-CUBE-AZRTOS-L5.2.0.0
2024-02-19 19:45:01,634 [WARN] PackLoader:240 - Cannot read IP mode file for STMicroelectronics.X-CUBE-MEMS1.9.6.0
2024-02-19 19:45:01,752 [WARN] PackLoader:240 - Cannot read IP mode file for ITTIA_DB.I-CUBE-ITTIADB.8.8.0
2024-02-19 19:45:01,765 [WARN] PackLoader:240 - Cannot read IP mode file for STMicroelectronics.X-CUBE-BLEMGR.2.0.0
2024-02-19 19:45:01,796 [WARN] ConditionMgr:438 - getConditionDescription Invalid condition id : UX DEVICE CLASS RTOS Condition cause : null
2024-02-19 19:45:01,796 [WARN] ConditionMgr:438 - getConditionDescription Invalid condition id : UX DEVICE CLASS RTOS Condition cause : null
2024-02-19 19:45:01,800 [WARN] PackLoader:240 - Cannot read IP mode file for STMicroelectronics.X-CUBE-AZRTOS-H7.3.1.0
2024-02-19 19:45:01,801 [WARN] ConditionMgr:1039 - genDependencies : Invalid condition id : UX DEVICE CLASS RTOS Condition cause : null
2024-02-19 19:45:01,801 [WARN] ConditionMgr:1039 - genDependencies : Invalid condition id : UX DEVICE CLASS RTOS Condition cause : null
2024-02-19 19:45:01,802 [WARN] ConditionMgr:1039 - genDependencies : Invalid condition id : UX DEVICE CLASS RTOS Condition cause : null
2024-02-19 19:45:01,803 [WARN] ConditionMgr:1039 - genDependencies : Invalid condition id : UX DEVICE CLASS RTOS Condition cause : null
2024-02-19 19:45:01,803 [WARN] ConditionMgr:1039 - genDependencies : Invalid condition id : UX DEVICE CLASS RTOS Condition cause : null
2024-02-19 19:45:01,817 [WARN] PackLoader:240 - Cannot read IP mode file for STMicroelectronics.X-CUBE-NFC7.1.0.1
2024-02-19 19:45:01,832 [WARN] PackLoader:240 - Cannot read IP mode file for STMicroelectronics.X-CUBE-NFC6.3.0.0
2024-02-19 19:45:01,861 [WARN] PackLoader:240 - Cannot read IP mode file for STMicroelectronics.X-CUBE-EEPRMA1.4.1.0
2024-02-19 19:45:01,877 [WARN] PackLoader:240 - Cannot read IP mode file for STMicroelectronics.X-CUBE-AI.8.1.0
2024-02-19 19:45:01,903 [WARN] ConditionMgr:438 - getConditionDescription Invalid condition id : LAN8742 Phy interface Condition cause : null
2024-02-19 19:45:01,903 [WARN] PackLoader:240 - Cannot read IP mode file for STMicroelectronics.X-CUBE-AZRTOS-L4.2.0.0
2024-02-19 19:45:01,904 [WARN] ConditionMgr:1039 - genDependencies : Invalid condition id : LAN8742 Phy interface Condition cause : null
2024-02-19 19:45:01,904 [WARN] ConditionMgr:1039 - genDependencies : Invalid condition id : LAN8742 Phy interface Condition cause : null
2024-02-19 19:45:01,905 [WARN] ConditionMgr:1039 - genDependencies : Invalid condition id : LAN8742 Phy interface Condition cause : null
2024-02-19 19:45:01,918 [WARN] PackLoader:240 - Cannot read IP mode file for STMicroelectronics.X-CUBE-SFXS2LP1.4.0.0
2024-02-19 19:45:01,931 [WARN] PackLoader:240 - Cannot read IP mode file for STMicroelectronics.X-CUBE-ISPU.1.1.0
2024-02-19 19:45:01,951 [WARN] ConditionMgr:438 - getConditionDescription Invalid condition id : UX DEVICE CLASS RTOS Condition cause : null
2024-02-19 19:45:01,951 [WARN] ConditionMgr:438 - getConditionDescription Invalid condition id : UX DEVICE CLASS RTOS Condition cause : null
2024-02-19 19:45:01,953 [WARN] PackLoader:240 - Cannot read IP mode file for STMicroelectronics.X-CUBE-AZRTOS-WB.2.0.0
2024-02-19 19:45:01,953 [WARN] ConditionMgr:1039 - genDependencies : Invalid condition id : UX DEVICE CLASS RTOS Condition cause : null
2024-02-19 19:45:01,953 [WARN] ConditionMgr:1039 - genDependencies : Invalid condition id : UX DEVICE CLASS RTOS Condition cause : null
2024-02-19 19:45:01,954 [WARN] ConditionMgr:1039 - genDependencies : Invalid condition id : UX DEVICE CLASS RTOS Condition cause : null
2024-02-19 19:45:01,954 [WARN] ConditionMgr:1039 - genDependencies : Invalid condition id : UX DEVICE CLASS RTOS Condition cause : null
2024-02-19 19:45:01,954 [WARN] ConditionMgr:1039 - genDependencies : Invalid condition id : UX DEVICE CLASS RTOS Condition cause : null
2024-02-19 19:45:01,974 [WARN] PackLoader:240 - Cannot read IP mode file for STMicroelectronics.X-CUBE-SUBG2.5.0.0
2024-02-19 19:45:01,993 [WARN] PackLoader:240 - Cannot read IP mode file for STMicroelectronics.X-CUBE-TOF1.3.3.1
2024-02-19 19:45:02,019 [WARN] PackLoader:240 - Cannot read IP mode file for STMicroelectronics.X-CUBE-AZRTOS-G4.2.0.0
2024-02-19 19:45:02,039 [WARN] PackLoader:240 - Cannot read IP mode file for Infineon.AIROC-Wi-Fi-Bluetooth-STM32.1.5.1
2024-02-19 19:45:02,051 [WARN] PackLoader:240 - Cannot read IP mode file for STMicroelectronics.FP-SNS-MOTENVWB1.1.3.1
2024-02-19 19:45:02,062 [WARN] PackLoader:240 - Cannot read IP mode file for STMicroelectronics.X-CUBE-ISPU.2.0.0
2024-02-19 19:45:02,099 [WARN] PackLoader:240 - Cannot read IP mode file for STMicroelectronics.X-CUBE-MEMS1.10.0.0
2024-02-19 19:45:02,189 [WARN] PackLoader:240 - Cannot read IP mode file for STMicroelectronics.X-CUBE-FREERTOS.1.1.0
2024-02-19 19:45:02,201 [WARN] PackLoader:240 - Cannot read IP mode file for portGmbH.I-Cube-SoM-uGOAL.1.1.0
2024-02-19 19:45:02,212 [WARN] PackLoader:240 - Cannot read IP mode file for STMicroelectronics.X-CUBE-ALS.1.0.1
2024-02-19 19:45:02,223 [WARN] PackLoader:240 - Cannot read IP mode file for STMicroelectronics.FP-ATR-ASTRA1.2.0.0
2024-02-19 19:45:02,240 [WARN] PackLoader:240 - Cannot read IP mode file for STMicroelectronics.X-CUBE-TOF1.3.4.0
2024-02-19 19:45:02,272 [WARN] PackLoader:240 - Cannot read IP mode file for STMicroelectronics.X-CUBE-AZRTOS-H7.3.2.0
2024-02-19 19:45:02,274 [INFO] ThirdParty:978 - Integrity check success = true
2024-02-19 19:45:02,274 [INFO] IntegrityCheckThread:100 - exiting critical section [integrity check]
2024-02-19 19:45:02,275 [INFO] IntegrityCheckThread:103 - End integrity checks thread
2024-02-19 19:45:19,347 [ERROR] LogOutputStream:75 - [STDERR_REDIRECT] SLF4J: Failed to load class "org.slf4j.impl.StaticLoggerBinder".
2024-02-19 19:45:19,348 [ERROR] LogOutputStream:75 - [STDERR_REDIRECT] SLF4J: Defaulting to no-operation (NOP) logger implementation
2024-02-19 19:45:19,349 [ERROR] LogOutputStream:75 - [STDERR_REDIRECT] SLF4J: See http://www.slf4j.org/codes.html#StaticLoggerBinder for further details.
2024-02-19 19:46:15,141 [INFO] McuFinderGlobals:63 - Set McuFinder mode to 2 (CubeIDE integrated)
2024-02-19 19:46:18,367 [INFO] MainUpdater:2868 - connection check result : 10
2024-02-19 19:46:18,373 [INFO] MainUpdater:2868 - connection check result : 10
2024-02-19 19:46:18,534 [INFO] MicroXplorer:468 - Change Database Path : 
2024-02-19 19:46:18,534 [INFO] MicroXplorer:498 - Change Database Version : DB.6.0.91
2024-02-19 19:46:18,537 [WARN] ThirdParty:871 - waiting for thirdparty lock release [close project]
2024-02-19 19:46:18,537 [INFO] ThirdParty:873 - entering critical section [close project]
2024-02-19 19:46:18,538 [INFO] ThirdParty:883 - exiting critical section [close project]
2024-02-19 19:46:18,539 [INFO] PinOutPanel:1499 - setPackage(No Configuration,No Configuration)
2024-02-19 19:46:18,545 [INFO] UtilMem:75 - Begin LoadConfig() Used Memory: 739196240 Bytes (972029952)
2024-02-19 19:46:18,547 [INFO] MicroXplorer:468 - Change Database Path : 
2024-02-19 19:46:18,547 [INFO] MicroXplorer:498 - Change Database Version : DB.6.0.91
2024-02-19 19:46:18,547 [INFO] OpenFileManager:308 - Change cursor
2024-02-19 19:46:18,576 [INFO] Mcu:1946 - Initializing MCU STM32F401R(D-E)Tx STM32F401RETx STM32F401RET6
2024-02-19 19:46:25,039 [INFO] Context:659 - Trying to add GPIOservice into a context  which must be forbidden
2024-02-19 19:46:27,619 [INFO] RtosManager:555 - Registered RTOS mode: class=CMSIS, group=RTOS, mode=CMSIS_V1, owner=FREERTOS
2024-02-19 19:46:27,619 [INFO] RtosManager:555 - Registered RTOS mode: class=CMSIS, group=RTOS2, mode=CMSIS_V2, owner=FREERTOS
2024-02-19 19:46:27,619 [INFO] RtosManager:555 - Registered RTOS mode: class=RTOS, group=Core, mode=CMSIS_V1, owner=FREERTOS
2024-02-19 19:46:27,619 [INFO] RtosManager:555 - Registered RTOS mode: class=RTOS, group=Core, mode=CMSIS_V2, owner=FREERTOS
2024-02-19 19:46:27,620 [WARN] ModelIntegratedComponent:184 - Missing modes for component STMicroelectronics:FreeRTOS:0.0.1:STMicroelectronics:RTOS:FreeRTOS:Core:::10.2.0:
2024-02-19 19:46:27,635 [WARN] ModelIntegratedComponent:63 - No mode defined for component null
2024-02-19 19:46:27,635 [WARN] ModelIntegratedComponent:63 - No mode defined for component null
2024-02-19 19:46:27,635 [WARN] ModelIntegratedComponent:63 - No mode defined for component null
2024-02-19 19:46:27,635 [WARN] ModelIntegratedComponent:63 - No mode defined for component null
2024-02-19 19:46:27,635 [WARN] ModelIntegratedComponent:63 - No mode defined for component null
2024-02-19 19:46:27,635 [WARN] ModelIntegratedComponent:63 - No mode defined for component null
2024-02-19 19:46:27,635 [WARN] ModelIntegratedComponent:63 - No mode defined for component null
2024-02-19 19:46:27,635 [WARN] ModelIntegratedComponent:63 - No mode defined for component null
2024-02-19 19:46:27,635 [WARN] ModelIntegratedComponent:63 - No mode defined for component null
2024-02-19 19:46:27,635 [WARN] ModelIntegratedComponent:63 - No mode defined for component null
2024-02-19 19:46:27,635 [WARN] ModelIntegratedComponent:63 - No mode defined for component null
2024-02-19 19:46:27,635 [WARN] ModelIntegratedComponent:63 - No mode defined for component null
2024-02-19 19:46:27,635 [WARN] ModelIntegratedComponent:63 - No mode defined for component null
2024-02-19 19:46:27,636 [WARN] ModelIntegratedComponent:63 - No mode defined for component null
2024-02-19 19:46:27,636 [WARN] ModelIntegratedComponent:63 - No mode defined for component null
2024-02-19 19:46:27,636 [WARN] ModelIntegratedComponent:63 - No mode defined for component null
2024-02-19 19:46:27,636 [WARN] ModelIntegratedComponent:63 - No mode defined for component null
2024-02-19 19:46:27,636 [WARN] ModelIntegratedComponent:63 - No mode defined for component null
2024-02-19 19:46:27,636 [WARN] ModelIntegratedComponent:63 - No mode defined for component null
2024-02-19 19:46:27,636 [WARN] ModelIntegratedComponent:63 - No mode defined for component null
2024-02-19 19:46:27,636 [WARN] ModelIntegratedComponent:63 - No mode defined for component null
2024-02-19 19:46:27,636 [WARN] ModelIntegratedComponent:63 - No mode defined for component null
2024-02-19 19:46:27,636 [WARN] ModelIntegratedComponent:63 - No mode defined for component null
2024-02-19 19:46:27,636 [WARN] ModelIntegratedComponent:63 - No mode defined for component null
2024-02-19 19:46:27,636 [WARN] ModelIntegratedComponent:63 - No mode defined for component null
2024-02-19 19:46:27,636 [WARN] ModelIntegratedComponent:63 - No mode defined for component null
2024-02-19 19:46:27,636 [WARN] ModelIntegratedComponent:63 - No mode defined for component null
2024-02-19 19:46:27,636 [WARN] ModelIntegratedComponent:63 - No mode defined for component null
2024-02-19 19:46:27,636 [WARN] ModelIntegratedComponent:63 - No mode defined for component null
2024-02-19 19:46:27,636 [WARN] ModelIntegratedComponent:63 - No mode defined for component null
2024-02-19 19:46:27,636 [WARN] ModelIntegratedComponent:63 - No mode defined for component null
2024-02-19 19:46:27,636 [WARN] ModelIntegratedComponent:63 - No mode defined for component null
2024-02-19 19:46:27,636 [WARN] ModelIntegratedComponent:63 - No mode defined for component null
2024-02-19 19:46:27,724 [INFO] ThirdPartyModel:298 - Start build external matchings
2024-02-19 19:46:28,222 [INFO] ThirdPartyModel:316 - End build external matchings
2024-02-19 19:46:28,243 [INFO] ImportTextPane:194 - (OptionalMessage_ERROR) IP (RCC) : Parameter (RTCHSEDivFreq_Value) has invalid value (4000000)
2024-02-19 19:46:28,531 [INFO] UtilMem:75 - End LoadConfig() Used Memory: 577881184 Bytes (1073741824)
2024-02-19 19:46:28,631 [INFO] ApiDb:581 - Connected to CubeFinder SQLite database (C:\Users\hasan\.stmcufinder\plugins\mcufinder\mcu\cube-finder-db.db)
2024-02-19 19:46:28,700 [INFO] ApiDb:668 - CubeFinder database Data Model version=2.1
2024-02-19 19:46:28,700 [INFO] ApiDb:669 - CubeFinder database Configuration version=3.0.39
2024-02-19 19:46:28,700 [INFO] ApiDb:670 - CubeFinder database generation date=2024-01-11 (1704964531)
2024-02-19 19:46:28,701 [INFO] ApiDb:671 - CubeFinder database FW Pack versions=[FP-ATR-ASTRA1_V2.0.0, FP-SNS-FLIGHT1_V5.0.1, FP-SNS-FLIGHT1_V5.0.2, FP-SNS-MOTENV1_V4.3.1, FP-SNS-MOTENV1_V4.3.2, FP-SNS-MOTENVWB1_V1.3.1, FP-SNS-SMARTAG2_V1.2.0, STM32Cube_FW_C0_V1.1.0, STM32Cube_FW_F4_V1.28.0, STM32Cube_FW_F7_V1.17.0, STM32Cube_FW_G0_V1.6.2, STM32Cube_FW_G4_V1.5.2, STM32Cube_FW_H5_V0.5.1, STM32Cube_FW_H5_V1.1.1, STM32Cube_FW_H5_V1.2.0RC2, STM32Cube_FW_H7_V1.11.0, STM32Cube_FW_L0_V1.12.2, STM32Cube_FW_L5_V1.5.0, STM32Cube_FW_U5_V1.3.0RC4, STM32Cube_FW_U5_V1.4.0, STM32Cube_FW_WBA_V1.0.0RC1, STM32Cube_FW_WBA_V1.1.0RC1, STM32Cube_FW_WBA_V1.2.0, STM32Cube_FW_WBA_V1.2.0RC2, STM32Cube_FW_WB_V1.15.0RC1, STM32Cube_FW_WB_V1.16.0, STM32Cube_FW_WB_V1.16.0RC2, STM32Cube_FW_WB_V1.18.0, STM32Cube_FW_WL_V1.3.0, X-CUBE-ALGOBUILD_V1.3.0, X-CUBE-ALS_V1.0.1, X-CUBE-AZRTOS-F4_V1.1.0, X-CUBE-AZRTOS-F7_V1.1.0, X-CUBE-AZRTOS-G0_V1.1.0, X-CUBE-AZRTOS-G4_V2.0.0, X-CUBE-AZRTOS-H7_V3.2.0, X-CUBE-AZRTOS-L4_V1.0.0, X-CUBE-AZRTOS-L4_V2.0.0, X-CUBE-AZRTOS-L5_V1.1.0, X-CUBE-AZRTOS-WB_V2.0.0, X-CUBE-AZRTOS-WL_V2.0.0, X-CUBE-BLE1_V7.0.0, X-CUBE-BLE2_V3.3.0, X-CUBE-BLEMGR_V3.0.0, X-CUBE-EEPRMA1_V4.1.0, X-CUBE-EEPRMA1_V4.2.0, X-CUBE-FREERTOS_V1.1.0, X-CUBE-GNSS1_V6.0.0, X-CUBE-MEMS1_V10.0.0, X-CUBE-MEMS1_V9.1.0, X-CUBE-MEMS1_V9.4.0, X-CUBE-MEMS1_V9.6.0, X-CUBE-NFC4_V3.0.0, X-CUBE-NFC7_V1.0.1, X-CUBE-SFXS2LP1_V4.0.0, X-CUBE-SUBG2_V5.0.0, X-CUBE-TOF1_V3.4.0]
2024-02-19 19:46:30,883 [INFO] ApiDb:240 - Found 323 in-development CPN: [B-G473E-ZEST1S, B-WB1M-WPAN1, B-WL5M-SUBG1, NUCLEO-C031C6, NUCLEO-H503RB, NUCLEO-H563ZI, NUCLEO-U545RE-Q, NUCLEO-U5A5ZJ-Q, NUCLEO-WBA52CG, STEVAL-PROTEUS1, STEVAL-SMARTAG2, STEVAL-STWINBX1, STM320518-EVAL, STM32C0116-DK, STM32C011D6Y3TR, STM32C011D6Y6TR, STM32C011F4P3, STM32C011F4P6, STM32C011F4U3, STM32C011F4U6TR, STM32C011F6P3, STM32C011F6P6, STM32C011F6U3, STM32C011F6U6TR, STM32C011J4M3, STM32C011J4M6, STM32C011J6M3, STM32C011J6M6, STM32C0316-DK, STM32C031C4T3, STM32C031C4T6, STM32C031C4U3, STM32C031C4U6, STM32C031C6T3, STM32C031C6T6, STM32C031C6U3, STM32C031C6U6, STM32C031F4P3, STM32C031F4P6, STM32C031F6P3, STM32C031F6P6, STM32C031G4U3, STM32C031G4U6, STM32C031G6U3, STM32C031G6U6, STM32C031K4T3, STM32C031K4T6, STM32C031K4U3, STM32C031K4U6, STM32C031K6T3, STM32C031K6T6, STM32C031K6U3, STM32C031K6U6, STM32G071K8TXN, STM32G071K8UXN, STM32G081GBU6N, STM32G081KBT6N, STM32G081KBUXN, STM32G0B1CCT6N, STM32G0B1KCT6, STM32G0B1NEY6TR, STM32G0B1RCT6N, STM32G0C1CCT6, STM32G0C1CCT6N, STM32G0C1CCU6N, STM32G0C1CET6N, STM32G0C1CEU6N, STM32G0C1KCT6, STM32G0C1NEY6TR, STM32G0C1RCI6N, STM32G0C1RCT6N, STM32G0C1REI6N, STM32G0C1RET6N, STM32G0C1VCI6, STM32G0C1VEI6, STM32G471CCT6, STM32G471CCU6, STM32G471CET3, STM32G471CET6, STM32G471CEU3, STM32G471CEU6, STM32G471MCT6, STM32G471MET3, STM32G471MET6, STM32G471MEY6TR, STM32G471QCT6, STM32G471QET3, STM32G471RCT6, STM32G471RET3, STM32G471RET6, STM32G471VCH6, STM32G471VCI6, STM32G471VCT6, STM32G471VEH3, STM32G471VEH6, STM32G471VEI3, STM32G471VEI6, STM32G471VET3, STM32G471VET6, STM32G474CCT6, STM32H503CBT6, STM32H503CBU6, STM32H503EBY6TR, STM32H503KBU6, STM32H503RBT6, STM32H562AGI6, STM32H562AII6, STM32H562IGK6, STM32H562IGT6, STM32H562IIK6, STM32H562IIT6, STM32H562RGT6, STM32H562RGV6, STM32H562RIT6, STM32H562RIV6, STM32H562VGT6, STM32H562VIT6, STM32H562ZGT6, STM32H562ZIT6, STM32H563AGI6, STM32H563AII3Q, STM32H563AII6, STM32H563IGK6, STM32H563IGT6, STM32H563IIK3Q, STM32H563IIK6, STM32H563IIT3Q, STM32H563IIT6, STM32H563MIY3QTR, STM32H563RGT6, STM32H563RGV6, STM32H563RIT6, STM32H563RIV6, STM32H563VGT6, STM32H563VIT3Q, STM32H563VIT6, STM32H563ZGT6, STM32H563ZIT3Q, STM32H563ZIT6, STM32H573AII3Q, STM32H573AII6, STM32H573I-DK, STM32H573IIK3Q, STM32H573IIK6, STM32H573IIT3Q, STM32H573IIT6, STM32H573MIY3QTR, STM32H573RIT6, STM32H573RIV6, STM32H573VIT3Q, STM32H573VIT6, STM32H573ZIT3Q, STM32H573ZIT6, STM32L4R5QGI6STR, STM32MP131AAE3, STM32MP131AAF3, STM32MP131AAG3, STM32MP131CAE3, STM32MP131CAF3, STM32MP131CAG3, STM32MP131DAE7, STM32MP131DAF7, STM32MP131DAG7, STM32MP131FAE7, STM32MP131FAF7, STM32MP131FAG7, STM32MP133AAE3, STM32MP133AAF3, STM32MP133AAG3, STM32MP133CAE3, STM32MP133CAF3, STM32MP133CAG3, STM32MP133DAE7, STM32MP133DAF7, STM32MP133DAG7, STM32MP133FAE7, STM32MP133FAF7, STM32MP133FAG7, STM32MP135AAE3, STM32MP135AAF3, STM32MP135AAG3, STM32MP135CAE3, STM32MP135CAF3, STM32MP135CAG3, STM32MP135DAE7, STM32MP135DAF7, STM32MP135DAG7, STM32MP135F-DK, STM32MP135FAE7, STM32MP135FAF7, STM32MP135FAF7T, STM32MP135FAF7U, STM32MP135FAG7, STM32U535CBT6, STM32U535CBT6Q, STM32U535CBU6, STM32U535CBU6Q, STM32U535CCT6, STM32U535CCT6Q, STM32U535CCU6, STM32U535CCU6Q, STM32U535CET6, STM32U535CET6Q, STM32U535CEU6, STM32U535CEU6Q, STM32U535JEY6QTR, STM32U535NCY6QTR, STM32U535NEY6QTR, STM32U535RBI6, STM32U535RBI6Q, STM32U535RBT6, STM32U535RBT6Q, STM32U535RCI6, STM32U535RCI6Q, STM32U535RCT6, STM32U535RCT6Q, STM32U535REI6, STM32U535REI6Q, STM32U535RET6, STM32U535RET6Q, STM32U535VCI6, STM32U535VCI6Q, STM32U535VCT6, STM32U535VCT6Q, STM32U535VEI6, STM32U535VEI6Q, STM32U535VET6, STM32U535VET6Q, STM32U545CET6, STM32U545CET6Q, STM32U545CEU6, STM32U545CEU6Q, STM32U545JEY6QTR, STM32U545NEY6QTR, STM32U545REI6, STM32U545REI6Q, STM32U545RET6, STM32U545RET6Q, STM32U545VEI6, STM32U545VEI6Q, STM32U545VET6, STM32U545VET6Q, STM32U595AIH6, STM32U595AIH6Q, STM32U595AJH6, STM32U595AJH6Q, STM32U595QII6, STM32U595QII6Q, STM32U595QJI6, STM32U595QJI6Q, STM32U595RIT6, STM32U595RIT6Q, STM32U595RJT6, STM32U595RJT6Q, STM32U595VIT6, STM32U595VIT6Q, STM32U595VJT6, STM32U595VJT6Q, STM32U595ZIT6, STM32U595ZIT6Q, STM32U595ZIY6QTR, STM32U595ZJT6, STM32U595ZJT6Q, STM32U595ZJY6QTR, STM32U599BJY6QTR, STM32U599NIH6Q, STM32U599NJH6Q, STM32U599VIT6Q, STM32U599VJT6, STM32U599VJT6Q, STM32U599ZIT6Q, STM32U599ZIY6QTR, STM32U599ZJT6Q, STM32U599ZJY6QTR, STM32U5A5AJH6, STM32U5A5AJH6Q, STM32U5A5QJI6, STM32U5A5QJI6Q, STM32U5A5RJT6, STM32U5A5RJT6Q, STM32U5A5VJT6, STM32U5A5VJT6Q, STM32U5A5ZJT6, STM32U5A5ZJT6Q, STM32U5A5ZJY6QTR, STM32U5A9BJY6QTR, STM32U5A9J-DK, STM32U5A9NJH6Q, STM32U5A9VJT6Q, STM32U5A9ZJT6Q, STM32U5A9ZJY6QTR, STM32U5F7VIT6, STM32U5F7VIT6Q, STM32U5F7VJT6, STM32U5F7VJT6Q, STM32U5F9BJY6QTR, STM32U5F9NJH6Q, STM32U5F9VIT6Q, STM32U5F9VJT6Q, STM32U5F9ZIJ6QTR, STM32U5F9ZIT6Q, STM32U5F9ZJJ6QTR, STM32U5F9ZJT6Q, STM32U5G7VJT6, STM32U5G7VJT6Q, STM32U5G9BJY6QTR, STM32U5G9J-DK1, STM32U5G9J-DK2, STM32U5G9NJH6Q, STM32U5G9VJT6Q, STM32U5G9ZJJ6QTR, STM32U5G9ZJT6Q, STM32WB1MMCH6, STM32WBA52CEU6, STM32WBA52CEU6T, STM32WBA52CGU6, STM32WBA52CGU6T, STM32WBA52KEU6, STM32WBA52KEU6T, STM32WBA52KGU6, STM32WBA52KGU6T, STM32WL5MOCH6, STM32WL5MOCH6TR]
2024-02-19 19:46:30,886 [INFO] DbMcus:217 - Found 3882 MCUs, 3882 are supported
2024-02-19 19:46:30,887 [INFO] ApiDb:423 - Load user favorites file C:\Users\hasan/.stm32cubeide/favorites.mcus.txt: 0 item(s)
2024-02-19 19:46:30,888 [INFO] ApiDb:427 - User favorites MCUs=[]
2024-02-19 19:46:30,888 [INFO] DbMcus:223 - Set 0 / 0 favorites MCUs
2024-02-19 19:46:31,225 [WARN] ThirdParty:833 - waiting for thirdparty lock release [change project]
2024-02-19 19:46:31,225 [INFO] ThirdParty:835 - entering critical section [change project]
2024-02-19 19:46:31,225 [INFO] ThirdParty:1030 - CMSIS Pack Vendor :STMicroelectronics X-CUBE-ISPU 1.1.0
2024-02-19 19:46:31,226 [INFO] ThirdParty:1030 - CMSIS Pack Vendor :STMicroelectronics USBPD 4.1
2024-02-19 19:46:31,226 [INFO] ThirdParty:1030 - CMSIS Pack Vendor :STMicroelectronics X-CUBE-GNSS1 6.0.0
2024-02-19 19:46:31,226 [INFO] ThirdParty:1030 - CMSIS Pack Vendor :STMicroelectronics USB_HOST 2.0.0
2024-02-19 19:46:31,226 [INFO] ThirdParty:1030 - CMSIS Pack Vendor :STMicroelectronics X-CUBE-AZRTOS-F4 1.1.0
2024-02-19 19:46:31,226 [INFO] ThirdParty:1030 - CMSIS Pack Vendor :STMicroelectronics LIBJPEG 8.0.0
2024-02-19 19:46:31,226 [INFO] ThirdParty:1030 - CMSIS Pack Vendor :wolfSSL I-CUBE-wolfSSL 5.6.3
2024-02-19 19:46:31,226 [INFO] ThirdParty:1030 - CMSIS Pack Vendor :STMicroelectronics X-CUBE-SMBUS 2.1.0
2024-02-19 19:46:31,226 [INFO] ThirdParty:1030 - CMSIS Pack Vendor :STMicroelectronics USB_DEVICE 3.0.0
2024-02-19 19:46:31,226 [INFO] ThirdParty:1030 - CMSIS Pack Vendor :STMicroelectronics X-CUBE-AZRTOS-WB 2.0.0
2024-02-19 19:46:31,226 [INFO] ThirdParty:1030 - CMSIS Pack Vendor :STMicroelectronics X-CUBE-TOUCHGFX 4.23.0
2024-02-19 19:46:31,226 [INFO] ThirdParty:1030 - CMSIS Pack Vendor :STMicroelectronics X-CUBE-AZRTOS-F7 1.1.0
2024-02-19 19:46:31,226 [INFO] ThirdParty:1030 - CMSIS Pack Vendor :STMicroelectronics X-CUBE-AZRTOS-L5 2.0.0
2024-02-19 19:46:31,226 [INFO] ThirdParty:1030 - CMSIS Pack Vendor :STMicroelectronics USB_DEVICE 2.0.0
2024-02-19 19:46:31,226 [INFO] ThirdParty:1030 - CMSIS Pack Vendor :STMicroelectronics X-CUBE-MEMS1 9.6.0
2024-02-19 19:46:31,226 [INFO] ThirdParty:1030 - CMSIS Pack Vendor :ITTIA_DB I-CUBE-ITTIADB 8.8.0
2024-02-19 19:46:31,226 [INFO] ThirdParty:1030 - CMSIS Pack Vendor :STMicroelectronics FP-SNS-MOTENV1 4.3.2
2024-02-19 19:46:31,226 [INFO] ThirdParty:1030 - CMSIS Pack Vendor :STMicroelectronics X-CUBE-ALGOBUILD 1.3.0
2024-02-19 19:46:31,226 [INFO] ThirdParty:1030 - CMSIS Pack Vendor :STMicroelectronics FreeRTOS 0.0.1
2024-02-19 19:46:31,226 [INFO] ThirdParty:1030 - CMSIS Pack Vendor :STMicroelectronics X-CUBE-AZRTOS-G0 1.1.0
2024-02-19 19:46:31,226 [INFO] ThirdParty:1030 - CMSIS Pack Vendor :STMicroelectronics X-CUBE-BLEMGR 2.0.0
2024-02-19 19:46:31,226 [INFO] ThirdParty:1030 - CMSIS Pack Vendor :STMicroelectronics X-CUBE-NFC4 3.0.0
2024-02-19 19:46:31,227 [INFO] ThirdParty:1030 - CMSIS Pack Vendor :STMicroelectronics X-CUBE-SUBG2 5.0.0
2024-02-19 19:46:31,227 [INFO] ThirdParty:1030 - CMSIS Pack Vendor :STMicroelectronics STM32_WPAN 1.0.0
2024-02-19 19:46:31,227 [INFO] ThirdParty:1030 - CMSIS Pack Vendor :STMicroelectronics lwIP 2.0.3
2024-02-19 19:46:31,227 [INFO] ThirdParty:1030 - CMSIS Pack Vendor :STMicroelectronics FP-SNS-FLIGHT1 5.0.2
2024-02-19 19:46:31,227 [INFO] ThirdParty:1030 - CMSIS Pack Vendor :STMicroelectronics USB_HOST 1.0.0
2024-02-19 19:46:31,227 [INFO] ThirdParty:1030 - CMSIS Pack Vendor :STMicroelectronics X-CUBE-TOF1 3.3.1
2024-02-19 19:46:31,227 [INFO] ThirdParty:1030 - CMSIS Pack Vendor :STMicroelectronics X-CUBE-AZRTOS-G4 2.0.0
2024-02-19 19:46:31,227 [INFO] ThirdParty:1030 - CMSIS Pack Vendor :STMicroelectronics PDM2PCM 3.1.0
2024-02-19 19:46:31,227 [INFO] ThirdParty:1030 - CMSIS Pack Vendor :STMicroelectronics X-CUBE-AZRTOS-H7 3.1.0
2024-02-19 19:46:31,227 [INFO] ThirdParty:1030 - CMSIS Pack Vendor :Infineon AIROC-Wi-Fi-Bluetooth-STM32 1.5.1
2024-02-19 19:46:31,227 [INFO] ThirdParty:1030 - CMSIS Pack Vendor :STMicroelectronics X-CUBE-BLEMGR 3.0.0
2024-02-19 19:46:31,227 [INFO] ThirdParty:1030 - CMSIS Pack Vendor :STMicroelectronics PDM2PCM 3.3.0
2024-02-19 19:46:31,227 [INFO] ThirdParty:1030 - CMSIS Pack Vendor :STMicroelectronics X-CUBE-DISPLAY 3.0.0
2024-02-19 19:46:31,227 [INFO] ThirdParty:1030 - CMSIS Pack Vendor :STMicroelectronics FP-SNS-MOTENVWB1 1.3.1
2024-02-19 19:46:31,227 [INFO] ThirdParty:1030 - CMSIS Pack Vendor :STMicroelectronics X-CUBE-BLE1 7.0.0
2024-02-19 19:46:31,227 [INFO] ThirdParty:1030 - CMSIS Pack Vendor :STMicroelectronics FP-ATR-SIGFOX1 3.2.0
2024-02-19 19:46:31,227 [INFO] ThirdParty:1030 - CMSIS Pack Vendor :STMicroelectronics X-CUBE-ISPU 2.0.0
2024-02-19 19:46:31,227 [INFO] ThirdParty:1030 - CMSIS Pack Vendor :STMicroelectronics X-CUBE-EEPRMA1 5.1.0
2024-02-19 19:46:31,227 [INFO] ThirdParty:1030 - CMSIS Pack Vendor :STMicroelectronics HAL Drivers 0.0.0
2024-02-19 19:46:31,227 [INFO] ThirdParty:1030 - CMSIS Pack Vendor :STMicroelectronics MBEDTLS 2.16.2
2024-02-19 19:46:31,227 [INFO] ThirdParty:1030 - CMSIS Pack Vendor :emotas I-CUBE-CANOPEN 1.3.0
2024-02-19 19:46:31,227 [INFO] ThirdParty:1030 - CMSIS Pack Vendor :STMicroelectronics X-CUBE-MEMS1 10.0.0
2024-02-19 19:46:31,227 [INFO] ThirdParty:1030 - CMSIS Pack Vendor :STMicroelectronics X-CUBE-FREERTOS 1.1.0
2024-02-19 19:46:31,227 [INFO] ThirdParty:1030 - CMSIS Pack Vendor :STMicroelectronics X-CUBE-TOUCHGFX 4.22.0
2024-02-19 19:46:31,227 [INFO] ThirdParty:1030 - CMSIS Pack Vendor :STMicroelectronics X-CUBE-NFC7 1.0.1
2024-02-19 19:46:31,227 [INFO] ThirdParty:1030 - CMSIS Pack Vendor :STMicroelectronics MBEDTLS 2.14.1
2024-02-19 19:46:31,228 [INFO] ThirdParty:1030 - CMSIS Pack Vendor :STMicroelectronics X-CUBE-NFC6 3.0.0
2024-02-19 19:46:31,228 [INFO] ThirdParty:1030 - CMSIS Pack Vendor :STMicroelectronics X-CUBE-EEPRMA1 4.1.0
2024-02-19 19:46:31,228 [INFO] ThirdParty:1030 - CMSIS Pack Vendor :portGmbH I-Cube-SoM-uGOAL 1.1.0
2024-02-19 19:46:31,228 [INFO] ThirdParty:1030 - CMSIS Pack Vendor :STMicroelectronics X-CUBE-ALS 1.0.1
2024-02-19 19:46:31,228 [INFO] ThirdParty:1030 - CMSIS Pack Vendor :STMicroelectronics ThreadX 1.0.0
2024-02-19 19:46:31,228 [INFO] ThirdParty:1030 - CMSIS Pack Vendor :STMicroelectronics FP-SNS-SMARTAG2 1.2.0
2024-02-19 19:46:31,228 [INFO] ThirdParty:1030 - CMSIS Pack Vendor :STMicroelectronics X-CUBE-AZRTOS-WL 2.0.0
2024-02-19 19:46:31,228 [INFO] ThirdParty:1030 - CMSIS Pack Vendor :SEGGER I-CUBE-embOS 1.3.1
2024-02-19 19:46:31,228 [INFO] ThirdParty:1030 - CMSIS Pack Vendor :STMicroelectronics USB_DEVICE 1.0.0
2024-02-19 19:46:31,228 [INFO] ThirdParty:1030 - CMSIS Pack Vendor :STMicroelectronics X-CUBE-AI 8.1.0
2024-02-19 19:46:31,228 [INFO] ThirdParty:1030 - CMSIS Pack Vendor :STMicroelectronics X-CUBE-AZRTOS-L4 2.0.0
2024-02-19 19:46:31,228 [INFO] ThirdParty:1030 - CMSIS Pack Vendor :STMicroelectronics ThreadX 0.0.2
2024-02-19 19:46:31,228 [INFO] ThirdParty:1030 - CMSIS Pack Vendor :WES I-CUBE-Cesium 1.3.0
2024-02-19 19:46:31,228 [INFO] ThirdParty:1030 - CMSIS Pack Vendor :STMicroelectronics FP-ATR-ASTRA1 2.0.0
2024-02-19 19:46:31,228 [INFO] ThirdParty:1030 - CMSIS Pack Vendor :STMicroelectronics lwIP 2.1.2
2024-02-19 19:46:31,228 [INFO] ThirdParty:1030 - CMSIS Pack Vendor :STMicroelectronics X-CUBE-SFXS2LP1 4.0.0
2024-02-19 19:46:31,228 [INFO] ThirdParty:1030 - CMSIS Pack Vendor :STMicroelectronics X-CUBE-BLE2 3.3.0
2024-02-19 19:46:31,228 [INFO] ThirdParty:1030 - CMSIS Pack Vendor :STMicroelectronics X-CUBE-TOF1 3.4.0
2024-02-19 19:46:31,228 [INFO] ThirdParty:1030 - CMSIS Pack Vendor :STMicroelectronics X-CUBE-AZRTOS-H7 3.2.0
2024-02-19 19:46:31,228 [INFO] ThirdParty:1030 - CMSIS Pack Vendor :STMicroelectronics PDM2PCM 3.2.0
2024-02-19 19:46:31,228 [INFO] ThirdParty:841 - exiting critical section [change project]
2024-02-19 19:46:31,559 [INFO] PinOutPanel:1499 - setPackage(No Configuration,No Configuration)
2024-02-19 19:46:31,560 [INFO] PinOutPanel:1499 - setPackage(STM32F401RETx,LQFP64)
2024-02-19 19:46:32,067 [INFO] UtilMem:75 - Before build in PCC Used Memory: 827036720 Bytes (1073741824)
2024-02-19 19:46:33,018 [INFO] UtilMem:75 - After build in PCC Used Memory: 896916776 Bytes (1073741824)
2024-02-19 19:46:33,046 [INFO] IPUIPlugin:80 - create IPUIPlugin
2024-02-19 19:46:33,047 [INFO] IPUIPlugin:80 - create IPUIPlugin
2024-02-19 19:46:33,047 [INFO] IPUIPlugin:80 - create IPUIPlugin
2024-02-19 19:46:33,047 [INFO] IPUIPlugin:80 - create IPUIPlugin
2024-02-19 19:46:33,047 [INFO] IPUIPlugin:80 - create IPUIPlugin
2024-02-19 19:46:33,047 [INFO] IPUIPlugin:80 - create IPUIPlugin
2024-02-19 19:46:33,047 [INFO] IPUIPlugin:80 - create IPUIPlugin
2024-02-19 19:46:33,047 [INFO] IPUIPlugin:80 - create IPUIPlugin
2024-02-19 19:46:33,047 [INFO] IPUIPlugin:80 - create IPUIPlugin
2024-02-19 19:46:33,047 [INFO] IPUIPlugin:80 - create IPUIPlugin
2024-02-19 19:46:33,047 [INFO] IPUIPlugin:80 - create IPUIPlugin
2024-02-19 19:46:33,047 [INFO] IPUIPlugin:80 - create IPUIPlugin
2024-02-19 19:46:33,048 [INFO] IPUIPlugin:80 - create IPUIPlugin
2024-02-19 19:46:33,048 [INFO] IPUIPlugin:80 - create IPUIPlugin
2024-02-19 19:46:33,048 [INFO] IPUIPlugin:80 - create IPUIPlugin
2024-02-19 19:46:33,048 [INFO] IPUIPlugin:80 - create IPUIPlugin
2024-02-19 19:46:33,048 [INFO] IPUIPlugin:80 - create IPUIPlugin
2024-02-19 19:46:33,048 [INFO] IPUIPlugin:80 - create IPUIPlugin
2024-02-19 19:46:33,048 [INFO] IPUIPlugin:80 - create IPUIPlugin
2024-02-19 19:46:33,049 [INFO] IPUIPlugin:80 - create IPUIPlugin
2024-02-19 19:46:33,049 [INFO] IPUIPlugin:80 - create IPUIPlugin
2024-02-19 19:46:33,049 [INFO] IPUIPlugin:80 - create IPUIPlugin
2024-02-19 19:46:33,049 [INFO] IPUIPlugin:80 - create IPUIPlugin
2024-02-19 19:46:33,049 [INFO] IPUIPlugin:80 - create IPUIPlugin
2024-02-19 19:46:33,049 [INFO] IPUIPlugin:80 - create IPUIPlugin
2024-02-19 19:46:33,050 [INFO] IPUIPlugin:80 - create IPUIPlugin
2024-02-19 19:46:33,050 [INFO] IPUIPlugin:80 - create IPUIPlugin
2024-02-19 19:46:33,050 [INFO] IPUIPlugin:80 - create IPUIPlugin
2024-02-19 19:46:33,050 [INFO] IPUIPlugin:80 - create IPUIPlugin
2024-02-19 19:46:33,050 [INFO] IPUIPlugin:80 - create IPUIPlugin
2024-02-19 19:46:33,050 [INFO] IPUIPlugin:80 - create IPUIPlugin
2024-02-19 19:46:33,050 [INFO] IPUIPlugin:80 - create IPUIPlugin
2024-02-19 19:46:33,051 [INFO] IPUIPlugin:80 - create IPUIPlugin
2024-02-19 19:46:33,051 [INFO] IPUIPlugin:80 - create IPUIPlugin
2024-02-19 19:46:33,051 [INFO] IPUIPlugin:80 - create IPUIPlugin
2024-02-19 19:46:33,051 [INFO] IPUIPlugin:80 - create IPUIPlugin
2024-02-19 19:46:33,052 [INFO] IPUIPlugin:80 - create IPUIPlugin
2024-02-19 19:46:33,052 [INFO] IPUIPlugin:80 - create IPUIPlugin
2024-02-19 19:46:33,224 [INFO] ApiDbMcu:507 - Load IP Config File for PDM2PCM
2024-02-19 19:46:33,513 [INFO] CADModel:165 - CPN selected for project levelSTM32F401RET6
2024-02-19 19:46:33,513 [INFO] CADModel:114 - Register for checkConnection events
2024-02-19 19:46:33,572 [INFO] OpenFileManager:328 - Restore cursor
2024-02-19 19:46:51,072 [INFO] UtilMem:75 - End SaveConfig() Used Memory: 609796824 Bytes (1073741824)
2024-02-19 19:46:52,874 [INFO] UtilMem:75 - End SaveConfig() Used Memory: 633914072 Bytes (1073741824)
2024-02-19 19:46:55,175 [INFO] UtilMem:75 - End SaveConfig() Used Memory: 670614232 Bytes (1073741824)
2024-02-19 19:46:55,571 [INFO] BlockDiagram:2759 - set Specific Code input for plugin: NVIC
2024-02-19 19:46:55,571 [INFO] BlockDiagram:2759 - set Specific Code input for plugin: USART
2024-02-19 19:46:55,571 [INFO] BlockDiagram:2759 - set Specific Code input for plugin: USART
2024-02-19 19:46:55,571 [INFO] BlockDiagram:2759 - set Specific Code input for plugin: SYS
2024-02-19 19:46:55,572 [INFO] BlockDiagram:2759 - set Specific Code input for plugin: GPIO
2024-02-19 19:46:55,572 [INFO] BlockDiagram:2759 - set Specific Code input for plugin: RCC
2024-02-19 19:46:55,572 [INFO] BlockDiagram:2759 - set Specific Code input for plugin: CRC
2024-02-19 19:46:55,573 [INFO] CodeGenerator:799 - code generatio: config db path: C:\ST\STM32CubeIDE_1.13.1\STM32CubeIDE\plugins\com.st.stm32cube.common.mx_6.9.1.202307191849\\db\
2024-02-19 19:46:55,807 [INFO] CodeEngine:255 - oldGeneratedFile, C:\Users\hasan\Documents\CubeIDEWorkspace\STM32F401RE_Bootloader\MXTmpFiles\license.tmp_save
2024-02-19 19:46:56,144 [INFO] CodeEngine:279 - Generated code: C:\Users\hasan\Documents\CubeIDEWorkspace\STM32F401RE_Bootloader\MXTmpFiles\license.tmp
2024-02-19 19:46:56,209 [INFO] CodeEngine:255 - oldGeneratedFile, C:\Users\hasan\Documents\CubeIDEWorkspace\STM32F401RE_Bootloader\MXTmpFiles\gpio.tmp_save
2024-02-19 19:46:56,345 [INFO] CodeEngine:279 - Generated code: C:\Users\hasan\Documents\CubeIDEWorkspace\STM32F401RE_Bootloader\MXTmpFiles\gpio.tmp
2024-02-19 19:46:56,502 [INFO] CodeEngine:255 - oldGeneratedFile, C:\Users\hasan\Documents\CubeIDEWorkspace\STM32F401RE_Bootloader\Core\Src\stm32f4xx_it.c_save
2024-02-19 19:46:56,634 [INFO] CodeEngine:279 - Generated code: C:\Users\hasan\Documents\CubeIDEWorkspace\STM32F401RE_Bootloader\Core\Src\stm32f4xx_it.c
2024-02-19 19:46:56,654 [INFO] CodeEngine:255 - oldGeneratedFile, C:\Users\hasan\Documents\CubeIDEWorkspace\STM32F401RE_Bootloader\Core\Inc\stm32f4xx_it.h_save
2024-02-19 19:46:56,744 [INFO] CodeEngine:279 - Generated code: C:\Users\hasan\Documents\CubeIDEWorkspace\STM32F401RE_Bootloader\Core\Inc\stm32f4xx_it.h
2024-02-19 19:46:56,776 [INFO] CodeEngine:255 - oldGeneratedFile, C:\Users\hasan\Documents\CubeIDEWorkspace\STM32F401RE_Bootloader\Core\Src\stm32f4xx_hal_msp.c_save
2024-02-19 19:46:56,918 [INFO] CodeEngine:279 - Generated code: C:\Users\hasan\Documents\CubeIDEWorkspace\STM32F401RE_Bootloader\Core\Src\stm32f4xx_hal_msp.c
2024-02-19 19:46:56,931 [INFO] CodeEngine:255 - oldGeneratedFile, C:\Users\hasan\Documents\CubeIDEWorkspace\STM32F401RE_Bootloader\MXTmpFiles\system.tmp_save
2024-02-19 19:46:57,076 [INFO] CodeEngine:279 - Generated code: C:\Users\hasan\Documents\CubeIDEWorkspace\STM32F401RE_Bootloader\MXTmpFiles\system.tmp
2024-02-19 19:46:57,108 [INFO] CodeEngine:311 - oldGeneratedFile, C:\Users\hasan\Documents\CubeIDEWorkspace\STM32F401RE_Bootloader\Core\Inc\stm32f4xx_hal_conf.h_save
2024-02-19 19:46:57,216 [INFO] CodeEngine:335 - Generated code: C:\Users\hasan\Documents\CubeIDEWorkspace\STM32F401RE_Bootloader\Core\Inc\stm32f4xx_hal_conf.h
2024-02-19 19:46:57,270 [INFO] CodeEngine:255 - oldGeneratedFile, C:\Users\hasan\Documents\CubeIDEWorkspace\STM32F401RE_Bootloader\Core\Inc\main.h_save
2024-02-19 19:46:57,379 [INFO] CodeEngine:279 - Generated code: C:\Users\hasan\Documents\CubeIDEWorkspace\STM32F401RE_Bootloader\Core\Inc\main.h
2024-02-19 19:46:57,406 [INFO] CodeEngine:255 - oldGeneratedFile, C:\Users\hasan\Documents\CubeIDEWorkspace\STM32F401RE_Bootloader\Core\Src\main.c_save
2024-02-19 19:46:57,568 [INFO] CodeEngine:279 - Generated code: C:\Users\hasan\Documents\CubeIDEWorkspace\STM32F401RE_Bootloader\Core\Src\main.c
2024-02-19 19:46:58,164 [INFO] ProjectBuilder:3064 - Time for Copy HAL[1] : 193mS.
2024-02-19 19:46:58,169 [INFO] ProjectBuilder:4404 - Project Generator version: 4.1.0
2024-02-19 19:46:58,330 [INFO] ConfigFileManager:1457 - The Die is : DIE433
2024-02-19 19:46:58,345 [INFO] ApiDbMcu:507 - Load IP Config File for FATFS
2024-02-19 19:46:58,359 [INFO] ApiDbMcu:507 - Load IP Config File for FREERTOS
2024-02-19 19:46:58,367 [INFO] ApiDbMcu:507 - Load IP Config File for LIBJPEG
2024-02-19 19:46:58,381 [INFO] ApiDbMcu:507 - Load IP Config File for MBEDTLS
2024-02-19 19:46:58,463 [INFO] ApiDbMcu:507 - Load IP Config File for USB_DEVICE
2024-02-19 19:46:58,474 [INFO] ApiDbMcu:507 - Load IP Config File for USB_HOST
2024-02-19 19:46:59,488 [INFO] LogOutputStream:77 - [STDOUT_REDIRECT] 
2024-02-19 19:47:01,102 [INFO] ProjectBuilder:4626 - Time for Generating toolchain IDE Files: 2934mS.
2024-02-19 19:47:01,103 [INFO] ProjectBuilder:2935 - Time for Copy CMSIS : 1mS.
2024-02-19 19:47:01,105 [INFO] ProjectBuilder:2935 - Time for Copy CMSIS : 0mS.
